<?xml version="1.0" encoding="UTF-8"?>
<testsuite xmlns:xsi="http://www.w3.org/2001/XMLSchema-instance" xsi:schemaLocation="https://maven.apache.org/surefire/maven-surefire-plugin/xsd/surefire-test-report.xsd" name="TestSuite" time="158.805" tests="23" errors="0" skipped="0" failures="3">
  <properties>
    <property name="java.runtime.name" value="Java(TM) SE Runtime Environment"/>
    <property name="cucumber.options" value="--tags &apos;@signin&apos;"/>
    <property name="java.vm.version" value="15.0.1+9-18"/>
    <property name="sun.boot.library.path" value="/Library/Java/JavaVirtualMachines/jdk-15.0.1.jdk/Contents/Home/lib"/>
    <property name="maven.multiModuleProjectDirectory" value="/Users/tanchw/Documents/assignment/realworldweb-testauto"/>
    <property name="java.vm.vendor" value="Oracle Corporation"/>
    <property name="java.vendor.url" value="https://java.oracle.com/"/>
    <property name="guice.disable.misplaced.annotation.check" value="true"/>
    <property name="path.separator" value=":"/>
    <property name="java.vm.name" value="Java HotSpot(TM) 64-Bit Server VM"/>
    <property name="user.country" value="SG"/>
    <property name="sun.java.launcher" value="SUN_STANDARD"/>
    <property name="java.vm.specification.name" value="Java Virtual Machine Specification"/>
    <property name="user.dir" value="/Users/tanchw/Documents/assignment/realworldweb-testauto"/>
    <property name="java.vm.compressedOopsMode" value="Zero based"/>
    <property name="java.runtime.version" value="15.0.1+9-18"/>
    <property name="os.arch" value="x86_64"/>
    <property name="java.io.tmpdir" value="/var/folders/qq/qf66gl_j4yb8tjkldmxmlb2cyyxrrs/T/"/>
    <property name="line.separator" value="&#10;"/>
    <property name="java.vm.specification.vendor" value="Oracle Corporation"/>
    <property name="os.name" value="Mac OS X"/>
    <property name="suiteXmlFile" value="TestNG.xml"/>
    <property name="classworlds.conf" value="/Library/apache-maven-3.6.3/bin/m2.conf"/>
    <property name="sun.jnu.encoding" value="UTF-8"/>
    <property name="java.library.path" value="/Users/tanchw/Library/Java/Extensions:/Library/Java/Extensions:/Network/Library/Java/Extensions:/System/Library/Java/Extensions:/usr/lib/java:."/>
    <property name="maven.conf" value="/Library/apache-maven-3.6.3/conf"/>
    <property name="jdk.debug" value="release"/>
    <property name="java.class.version" value="59.0"/>
    <property name="java.specification.name" value="Java Platform API Specification"/>
    <property name="sun.management.compiler" value="HotSpot 64-Bit Tiered Compilers"/>
    <property name="os.version" value="10.15.7"/>
    <property name="library.jansi.path" value="/Library/apache-maven-3.6.3/lib/jansi-native"/>
    <property name="user.home" value="/Users/tanchw"/>
    <property name="user.timezone" value="Asia/Singapore"/>
    <property name="file.encoding" value="US-ASCII"/>
    <property name="java.specification.version" value="15"/>
    <property name="user.name" value="tanchw"/>
    <property name="java.class.path" value="/Library/apache-maven-3.6.3/boot/plexus-classworlds-2.6.0.jar"/>
    <property name="java.vm.specification.version" value="15"/>
    <property name="sun.arch.data.model" value="64"/>
    <property name="sun.java.command" value="org.codehaus.plexus.classworlds.launcher.Launcher clean test -DsuiteXmlFile=TestNG.xml -Dcucumber.options=--tags &apos;@signin&apos;"/>
    <property name="java.home" value="/Library/Java/JavaVirtualMachines/jdk-15.0.1.jdk/Contents/Home"/>
    <property name="user.language" value="en"/>
    <property name="java.specification.vendor" value="Oracle Corporation"/>
    <property name="java.vm.info" value="mixed mode, sharing"/>
    <property name="java.version" value="15.0.1"/>
    <property name="java.vendor" value="Oracle Corporation"/>
    <property name="maven.home" value="/Library/apache-maven-3.6.3"/>
    <property name="file.separator" value="/"/>
    <property name="java.version.date" value="2020-10-20"/>
    <property name="java.vendor.url.bug" value="https://bugreport.java.com/bugreport/"/>
    <property name="sun.io.unicode.encoding" value="UnicodeBig"/>
    <property name="sun.cpu.endian" value="little"/>
  </properties>
  <testcase name="runScenario" classname="testRunner.TestRunner" time="15.097"/>
  <testcase name="runScenario" classname="testRunner.TestRunner" time="9.381"/>
  <testcase name="runScenario" classname="testRunner.TestRunner" time="7.903">
    <failure message="expected [true] but found [false]" type="java.lang.AssertionError">java.lang.AssertionError: expected [true] but found [false]
</failure>
    <system-out><![CDATA[
@post
Scenario Outline: Test Validation in new post page form                                            &amp#27;[90m# src/test/resources/features/Post.feature:54&amp#27;[0m
  &amp#27;[32mGiven &amp#27;[0m&amp#27;[32muser is on homepage&amp#27;[0m                                                                        &amp#27;[90m# stepDef.StepDef.user_is_on_homepage()&amp#27;[0m
  &amp#27;[32mAnd &amp#27;[0m&amp#27;[32mclicks on Sign up hypertext&amp#27;[0m                                                                  &amp#27;[90m# stepDef.StepDef.clicks_on_sign_up_hypertext()&amp#27;[0m
  &amp#27;[32mThen &amp#27;[0m&amp#27;[32mSign Up page is loaded successfully&amp#27;[0m                                                         &amp#27;[90m# stepDef.StepDef.sign_up_page_is_loaded_successfully()&amp#27;[0m
  &amp#27;[32mWhen &amp#27;[0m&amp#27;[32muser inserts unique username and email, and a valid password&amp#27;[0m                                &amp#27;[90m# stepDef.StepDef.user_inserts_unique_username_and_email_and_a_valid_password()&amp#27;[0m
  &amp#27;[32mAnd &amp#27;[0m&amp#27;[32mclick on Sign in button&amp#27;[0m                                                                      &amp#27;[90m# stepDef.StepDef.click_on_sign_in_button()&amp#27;[0m
  &amp#27;[32mThen &amp#27;[0m&amp#27;[32msuccessfully signed up username hypertext will be displayed&amp#27;[0m                                 &amp#27;[90m# stepDef.StepDef.successfully_signed_up_username_hypertext_will_be_displayed()&amp#27;[0m
  &amp#27;[32mThen &amp#27;[0m&amp#27;[32muser will be redirected back to home page&amp#27;[0m                                                   &amp#27;[90m# stepDef.StepDef.user_will_be_redirected_back_to_home_page()&amp#27;[0m
  &amp#27;[32mAnd &amp#27;[0m&amp#27;[32mclicks on New Post hypertext&amp#27;[0m                                                                 &amp#27;[90m# stepDef.StepDef.clicks_on_new_post_hypertext()&amp#27;[0m
  &amp#27;[32mThen &amp#27;[0m&amp#27;[32mNew Post page is loaded successfully&amp#27;[0m                                                        &amp#27;[90m# stepDef.StepDef.new_post_page_is_loaded_successfully()&amp#27;[0m
  &amp#27;[32mWhen &amp#27;[0m&amp#27;[32muser enters &amp#27;[0m&amp#27;[32m&amp#27;[1m[blank]&amp#27;[0m&amp#27;[32m, &amp#27;[0m&amp#27;[32m&amp#27;[1mAbout ������ 456&amp#27;[0m&amp#27;[32m, &amp#27;[0m&amp#27;[32m&amp#27;[1mL49tKOXkRt3fC8fO9sA9dqgXSfboBj&amp#27;[0m&amp#27;[32m and &amp#27;[0m&amp#27;[32m&amp#27;[1mtestTag1&amp#27;[0m&amp#27;[32m in Post form&amp#27;[0m &amp#27;[90m# stepDef.StepDef.user_enters_articleTitle_aboutArticle_articleMarkdown_and_tags_in_new_post_page(java.lang.String,java.lang.String,java.lang.String,java.lang.String)&amp#27;[0m
  &amp#27;[32mAnd &amp#27;[0m&amp#27;[32mclick on Publish Article button&amp#27;[0m                                                              &amp#27;[90m# stepDef.StepDef.click_on_publish_article_button()&amp#27;[0m
  &amp#27;[31mThen &amp#27;[0m&amp#27;[31mvalidation message "&amp#27;[0m&amp#27;[31m&amp#27;[1mtitle can't be blank (minimum is 1 character)&amp#27;[0m&amp#27;[31m" appears on new post page&amp#27;[0m &amp#27;[90m# stepDef.StepDef.validation_message_appears_on_new_post_page(java.lang.String)&amp#27;[0m
      &amp#27;[31mjava.lang.AssertionError: expected [true] but found [false]
	at org.testng.Assert.fail(Assert.java:99)
	at org.testng.Assert.failNotEquals(Assert.java:1037)
	at org.testng.Assert.assertEqualsImpl(Assert.java:140)
	at org.testng.Assert.assertEquals(Assert.java:122)
	at org.testng.Assert.assertEquals(Assert.java:819)
	at org.testng.Assert.assertEquals(Assert.java:829)
	at stepDef.StepDef.validation_message_appears_on_new_post_page(StepDef.java:276)
	at ���.validation message "title can't be blank (minimum is 1 character)" appears on new post page(file:///Users/tanchw/Documents/assignment/realworldweb-testauto/src/test/resources/features/Post.feature:50)
&amp#27;[0m
]]></system-out>
    <system-err><![CDATA[Starting ChromeDriver 89.0.4389.23 (61b08ee2c50024bab004e48d2b1b083cdbdac579-refs/branch-heads/4389@{#294}) on port 19352
Only local connections are allowed.
Please see https://chromedriver.chromium.org/security-considerations for suggestions on keeping ChromeDriver safe.
ChromeDriver was started successfully.
Mar 07, 2021 5:06:30 PM org.openqa.selenium.remote.ProtocolHandshake createSession
INFO: Detected dialect: W3C
Mar 07, 2021 5:06:30 PM org.openqa.selenium.devtools.CdpVersionFinder findNearestMatch
INFO: Found exact CDP implementation for version 89
]]></system-err>
  </testcase>
  <testcase name="runScenario" classname="testRunner.TestRunner" time="7.868">
    <failure message="expected [true] but found [false]" type="java.lang.AssertionError">java.lang.AssertionError: expected [true] but found [false]
</failure>
    <system-out><![CDATA[
@post
Scenario Outline: Test Validation in new post page form                                                  &amp#27;[90m# src/test/resources/features/Post.feature:55&amp#27;[0m
  &amp#27;[32mGiven &amp#27;[0m&amp#27;[32muser is on homepage&amp#27;[0m                                                                              &amp#27;[90m# stepDef.StepDef.user_is_on_homepage()&amp#27;[0m
  &amp#27;[32mAnd &amp#27;[0m&amp#27;[32mclicks on Sign up hypertext&amp#27;[0m                                                                        &amp#27;[90m# stepDef.StepDef.clicks_on_sign_up_hypertext()&amp#27;[0m
  &amp#27;[32mThen &amp#27;[0m&amp#27;[32mSign Up page is loaded successfully&amp#27;[0m                                                               &amp#27;[90m# stepDef.StepDef.sign_up_page_is_loaded_successfully()&amp#27;[0m
  &amp#27;[32mWhen &amp#27;[0m&amp#27;[32muser inserts unique username and email, and a valid password&amp#27;[0m                                      &amp#27;[90m# stepDef.StepDef.user_inserts_unique_username_and_email_and_a_valid_password()&amp#27;[0m
  &amp#27;[32mAnd &amp#27;[0m&amp#27;[32mclick on Sign in button&amp#27;[0m                                                                            &amp#27;[90m# stepDef.StepDef.click_on_sign_in_button()&amp#27;[0m
  &amp#27;[32mThen &amp#27;[0m&amp#27;[32msuccessfully signed up username hypertext will be displayed&amp#27;[0m                                       &amp#27;[90m# stepDef.StepDef.successfully_signed_up_username_hypertext_will_be_displayed()&amp#27;[0m
  &amp#27;[32mThen &amp#27;[0m&amp#27;[32muser will be redirected back to home page&amp#27;[0m                                                         &amp#27;[90m# stepDef.StepDef.user_will_be_redirected_back_to_home_page()&amp#27;[0m
  &amp#27;[32mAnd &amp#27;[0m&amp#27;[32mclicks on New Post hypertext&amp#27;[0m                                                                       &amp#27;[90m# stepDef.StepDef.clicks_on_new_post_hypertext()&amp#27;[0m
  &amp#27;[32mThen &amp#27;[0m&amp#27;[32mNew Post page is loaded successfully&amp#27;[0m                                                              &amp#27;[90m# stepDef.StepDef.new_post_page_is_loaded_successfully()&amp#27;[0m
  &amp#27;[32mWhen &amp#27;[0m&amp#27;[32muser enters &amp#27;[0m&amp#27;[32m&amp#27;[1m������������789 HiJ&amp#27;[0m&amp#27;[32m, &amp#27;[0m&amp#27;[32m&amp#27;[1m[blank]&amp#27;[0m&amp#27;[32m, &amp#27;[0m&amp#27;[32m&amp#27;[1mL49tKOXkRt3fC8fO9sA9dqgXSfboBj&amp#27;[0m&amp#27;[32m and &amp#27;[0m&amp#27;[32m&amp#27;[1mtestTag2&amp#27;[0m&amp#27;[32m in Post form&amp#27;[0m        &amp#27;[90m# stepDef.StepDef.user_enters_articleTitle_aboutArticle_articleMarkdown_and_tags_in_new_post_page(java.lang.String,java.lang.String,java.lang.String,java.lang.String)&amp#27;[0m
  &amp#27;[32mAnd &amp#27;[0m&amp#27;[32mclick on Publish Article button&amp#27;[0m                                                                    &amp#27;[90m# stepDef.StepDef.click_on_publish_article_button()&amp#27;[0m
  &amp#27;[31mThen &amp#27;[0m&amp#27;[31mvalidation message "&amp#27;[0m&amp#27;[31m&amp#27;[1mdescription can't be blank (minimum is 1 character)&amp#27;[0m&amp#27;[31m" appears on new post page&amp#27;[0m &amp#27;[90m# stepDef.StepDef.validation_message_appears_on_new_post_page(java.lang.String)&amp#27;[0m
      &amp#27;[31mjava.lang.AssertionError: expected [true] but found [false]
	at org.testng.Assert.fail(Assert.java:99)
	at org.testng.Assert.failNotEquals(Assert.java:1037)
	at org.testng.Assert.assertEqualsImpl(Assert.java:140)
	at org.testng.Assert.assertEquals(Assert.java:122)
	at org.testng.Assert.assertEquals(Assert.java:819)
	at org.testng.Assert.assertEquals(Assert.java:829)
	at stepDef.StepDef.validation_message_appears_on_new_post_page(StepDef.java:276)
	at ���.validation message "description can't be blank (minimum is 1 character)" appears on new post page(file:///Users/tanchw/Documents/assignment/realworldweb-testauto/src/test/resources/features/Post.feature:50)
&amp#27;[0m
]]></system-out>
    <system-err><![CDATA[Starting ChromeDriver 89.0.4389.23 (61b08ee2c50024bab004e48d2b1b083cdbdac579-refs/branch-heads/4389@{#294}) on port 35021
Only local connections are allowed.
Please see https://chromedriver.chromium.org/security-considerations for suggestions on keeping ChromeDriver safe.
ChromeDriver was started successfully.
Mar 07, 2021 5:06:38 PM org.openqa.selenium.remote.ProtocolHandshake createSession
INFO: Detected dialect: W3C
Mar 07, 2021 5:06:38 PM org.openqa.selenium.devtools.CdpVersionFinder findNearestMatch
INFO: Found exact CDP implementation for version 89
]]></system-err>
  </testcase>
  <testcase name="runScenario" classname="testRunner.TestRunner" time="7.586"/>
  <testcase name="runScenario" classname="testRunner.TestRunner" time="9.756"/>
  <testcase name="runScenario" classname="testRunner.TestRunner" time="9.373"/>
  <testcase name="runScenario" classname="testRunner.TestRunner" time="8.91"/>
  <testcase name="runScenario" classname="testRunner.TestRunner" time="8.548"/>
  <testcase name="runScenario" classname="testRunner.TestRunner" time="9.086"/>
  <testcase name="runScenario" classname="testRunner.TestRunner" time="5.588"/>
  <testcase name="runScenario" classname="testRunner.TestRunner" time="4.665"/>
  <testcase name="runScenario" classname="testRunner.TestRunner" time="5.162"/>
  <testcase name="runScenario" classname="testRunner.TestRunner" time="4.593"/>
  <testcase name="runScenario" classname="testRunner.TestRunner" time="4.914"/>
  <testcase name="runScenario" classname="testRunner.TestRunner" time="4.79"/>
  <testcase name="runScenario" classname="testRunner.TestRunner" time="4.847"/>
  <testcase name="runScenario" classname="testRunner.TestRunner" time="4.973"/>
  <testcase name="runScenario" classname="testRunner.TestRunner" time="4.825">
    <failure message="expected [true] but found [false]" type="java.lang.AssertionError">java.lang.AssertionError: expected [true] but found [false]
</failure>
    <system-out><![CDATA[
@signup
Scenario Outline: Validation test on Sign Up page                                           &amp#27;[90m# src/test/resources/features/SignUp.feature:27&amp#27;[0m
  &amp#27;[32mGiven &amp#27;[0m&amp#27;[32muser is on homepage&amp#27;[0m                                                                 &amp#27;[90m# stepDef.StepDef.user_is_on_homepage()&amp#27;[0m
  &amp#27;[32mAnd &amp#27;[0m&amp#27;[32mclicks on Sign up hypertext&amp#27;[0m                                                           &amp#27;[90m# stepDef.StepDef.clicks_on_sign_up_hypertext()&amp#27;[0m
  &amp#27;[32mThen &amp#27;[0m&amp#27;[32mSign Up page is loaded successfully&amp#27;[0m                                                  &amp#27;[90m# stepDef.StepDef.sign_up_page_is_loaded_successfully()&amp#27;[0m
 username: [blank]  &amp#27;[32mWhen &amp#27;[0m&amp#27;[32muser enters &amp#27;[0m&amp#27;[32m&amp#27;[1m[blank]&amp#27;[0m&amp#27;[32m, &amp#27;[0m&amp#27;[32m&amp#27;[1mauto_testuser_99900@mailinator.com&amp#27;[0m&amp#27;[32m and &amp#27;[0m&amp#27;[32m&amp#27;[1mAbcd1234&amp#27;[0m&amp#27;[32m in Sign Up page&amp#27;[0m &amp#27;[90m# stepDef.StepDef.user_enters_username_email_and_password_in_sign_up_page(java.lang.String,java.lang.String,java.lang.String)&amp#27;[0m
  &amp#27;[32mAnd &amp#27;[0m&amp#27;[32mclick on Sign in button&amp#27;[0m                                                               &amp#27;[90m# stepDef.StepDef.click_on_sign_in_button()&amp#27;[0m
  &amp#27;[31mThen &amp#27;[0m&amp#27;[31msign up error message prompted "&amp#27;[0m&amp#27;[31m&amp#27;[1musername can't be blank (minimum is 1 character)&amp#27;[0m&amp#27;[31m"&amp#27;[0m    &amp#27;[90m# stepDef.StepDef.sign_up_error_message_prompted(java.lang.String)&amp#27;[0m
      &amp#27;[31mjava.lang.AssertionError: expected [true] but found [false]
	at org.testng.Assert.fail(Assert.java:99)
	at org.testng.Assert.failNotEquals(Assert.java:1037)
	at org.testng.Assert.assertEqualsImpl(Assert.java:140)
	at org.testng.Assert.assertEquals(Assert.java:122)
	at org.testng.Assert.assertEquals(Assert.java:819)
	at org.testng.Assert.assertEquals(Assert.java:829)
	at stepDef.StepDef.sign_up_error_message_prompted(StepDef.java:122)
	at ���.sign up error message prompted "username can't be blank (minimum is 1 character)"(file:///Users/tanchw/Documents/assignment/realworldweb-testauto/src/test/resources/features/SignUp.feature:21)
&amp#27;[0m
]]></system-out>
    <system-err><![CDATA[Starting ChromeDriver 89.0.4389.23 (61b08ee2c50024bab004e48d2b1b083cdbdac579-refs/branch-heads/4389@{#294}) on port 26678
Only local connections are allowed.
Please see https://chromedriver.chromium.org/security-considerations for suggestions on keeping ChromeDriver safe.
ChromeDriver was started successfully.
Mar 07, 2021 5:08:19 PM org.openqa.selenium.remote.ProtocolHandshake createSession
INFO: Detected dialect: W3C
Mar 07, 2021 5:08:19 PM org.openqa.selenium.devtools.CdpVersionFinder findNearestMatch
INFO: Found exact CDP implementation for version 89
]]></system-err>
  </testcase>
  <testcase name="runScenario" classname="testRunner.TestRunner" time="4.778"/>
  <testcase name="runScenario" classname="testRunner.TestRunner" time="4.83"/>
  <testcase name="runScenario" classname="testRunner.TestRunner" time="4.944"/>
  <testcase name="runScenario" classname="testRunner.TestRunner" time="5.04"/>
</testsuite>