<?xml version="1.0" encoding="UTF-8"?>
<testng-results ignored="0" total="5" passed="3" failed="2" skipped="0">
  <reporter-output>
  </reporter-output>
  <suite started-at="2021-03-07T03:22:32 SGT" name="Test RealWorld " finished-at="2021-03-07T03:23:20 SGT" duration-ms="48923">
    <groups>
      <group name="cucumber">
        <method signature="AbstractTestNGCucumberTests.runScenario(io.cucumber.testng.PickleWrapper,io.cucumber.testng.FeatureWrapper)[pri:0, instance:testRunner.TestRunner@55a1c291]" name="runScenario" class="io.cucumber.testng.AbstractTestNGCucumberTests"/>
      </group> <!-- cucumber -->
    </groups>
    <test started-at="2021-03-07T03:22:32 SGT" name="Web Test" finished-at="2021-03-07T03:23:20 SGT" duration-ms="48923">
      <class name="testRunner.TestRunner">
        <test-method is-config="true" signature="setUpClass()[pri:0, instance:testRunner.TestRunner@55a1c291]" started-at="2021-03-07T03:22:32 SGT" name="setUpClass" finished-at="2021-03-07T03:22:32 SGT" duration-ms="536" status="PASS">
          <reporter-output>
          </reporter-output>
        </test-method> <!-- setUpClass -->
        <test-method signature="runScenario(io.cucumber.testng.PickleWrapper,io.cucumber.testng.FeatureWrapper)[pri:0, instance:testRunner.TestRunner@55a1c291]" started-at="2021-03-07T03:22:32 SGT" name="runScenario" description="Runs Cucumber Scenarios" data-provider="scenarios" finished-at="2021-03-07T03:22:48 SGT" duration-ms="15785" status="PASS">
          <params>
            <param index="0">
              <value>
                <![CDATA["Test creating new post successfully"]]>
              </value>
            </param>
            <param index="1">
              <value>
                <![CDATA["Optional[Test creating New Post in realworld website]"]]>
              </value>
            </param>
          </params>
          <reporter-output>
          </reporter-output>
        </test-method> <!-- runScenario -->
        <test-method signature="runScenario(io.cucumber.testng.PickleWrapper,io.cucumber.testng.FeatureWrapper)[pri:0, instance:testRunner.TestRunner@55a1c291]" started-at="2021-03-07T03:22:48 SGT" name="runScenario" description="Runs Cucumber Scenarios" data-provider="scenarios" finished-at="2021-03-07T03:22:56 SGT" duration-ms="8336" status="PASS">
          <params>
            <param index="0">
              <value>
                <![CDATA["Posting comment on article that belongs to other user"]]>
              </value>
            </param>
            <param index="1">
              <value>
                <![CDATA["Optional[Test creating New Post in realworld website]"]]>
              </value>
            </param>
          </params>
          <reporter-output>
          </reporter-output>
        </test-method> <!-- runScenario -->
        <test-method signature="runScenario(io.cucumber.testng.PickleWrapper,io.cucumber.testng.FeatureWrapper)[pri:0, instance:testRunner.TestRunner@55a1c291]" started-at="2021-03-07T03:22:56 SGT" name="runScenario" description="Runs Cucumber Scenarios" data-provider="scenarios" finished-at="2021-03-07T03:23:04 SGT" duration-ms="7838" status="FAIL">
          <params>
            <param index="0">
              <value>
                <![CDATA["Test Validation in new post page form"]]>
              </value>
            </param>
            <param index="1">
              <value>
                <![CDATA["Optional[Test creating New Post in realworld website]"]]>
              </value>
            </param>
          </params>
          <exception class="java.lang.AssertionError">
            <message>
              <![CDATA[expected [true] but found [false]]]>
            </message>
            <full-stacktrace>
              <![CDATA[java.lang.AssertionError: expected [true] but found [false]
at org.testng.Assert.fail(Assert.java:99)
at org.testng.Assert.failNotEquals(Assert.java:1037)
at org.testng.Assert.assertEqualsImpl(Assert.java:140)
at org.testng.Assert.assertEquals(Assert.java:122)
at org.testng.Assert.assertEquals(Assert.java:819)
at org.testng.Assert.assertEquals(Assert.java:829)
at stepDef.StepDef.validation_message_appears_on_new_post_page(StepDef.java:260)
at ✽.validation message "title can't be blank (minimum is 1 character)" appears on new post page(file:///Users/tanchw/Documents/assignment/realworldweb-testauto/src/test/resources/features/Post.feature:50)
]]>
            </full-stacktrace>
          </exception> <!-- java.lang.AssertionError -->
          <reporter-output>
          </reporter-output>
        </test-method> <!-- runScenario -->
        <test-method signature="runScenario(io.cucumber.testng.PickleWrapper,io.cucumber.testng.FeatureWrapper)[pri:0, instance:testRunner.TestRunner@55a1c291]" started-at="2021-03-07T03:23:04 SGT" name="runScenario" description="Runs Cucumber Scenarios" data-provider="scenarios" finished-at="2021-03-07T03:23:13 SGT" duration-ms="8714" status="FAIL">
          <params>
            <param index="0">
              <value>
                <![CDATA["Test Validation in new post page form"]]>
              </value>
            </param>
            <param index="1">
              <value>
                <![CDATA["Optional[Test creating New Post in realworld website]"]]>
              </value>
            </param>
          </params>
          <exception class="java.lang.AssertionError">
            <message>
              <![CDATA[expected [true] but found [false]]]>
            </message>
            <full-stacktrace>
              <![CDATA[java.lang.AssertionError: expected [true] but found [false]
at org.testng.Assert.fail(Assert.java:99)
at org.testng.Assert.failNotEquals(Assert.java:1037)
at org.testng.Assert.assertEqualsImpl(Assert.java:140)
at org.testng.Assert.assertEquals(Assert.java:122)
at org.testng.Assert.assertEquals(Assert.java:819)
at org.testng.Assert.assertEquals(Assert.java:829)
at stepDef.StepDef.validation_message_appears_on_new_post_page(StepDef.java:260)
at ✽.validation message "description can't be blank (minimum is 1 character)" appears on new post page(file:///Users/tanchw/Documents/assignment/realworldweb-testauto/src/test/resources/features/Post.feature:50)
]]>
            </full-stacktrace>
          </exception> <!-- java.lang.AssertionError -->
          <reporter-output>
          </reporter-output>
        </test-method> <!-- runScenario -->
        <test-method signature="runScenario(io.cucumber.testng.PickleWrapper,io.cucumber.testng.FeatureWrapper)[pri:0, instance:testRunner.TestRunner@55a1c291]" started-at="2021-03-07T03:23:13 SGT" name="runScenario" description="Runs Cucumber Scenarios" data-provider="scenarios" finished-at="2021-03-07T03:23:20 SGT" duration-ms="7578" status="PASS">
          <params>
            <param index="0">
              <value>
                <![CDATA["Test Validation in new post page form"]]>
              </value>
            </param>
            <param index="1">
              <value>
                <![CDATA["Optional[Test creating New Post in realworld website]"]]>
              </value>
            </param>
          </params>
          <reporter-output>
          </reporter-output>
        </test-method> <!-- runScenario -->
        <test-method is-config="true" signature="tearDownClass()[pri:0, instance:testRunner.TestRunner@55a1c291]" started-at="2021-03-07T03:23:20 SGT" name="tearDownClass" finished-at="2021-03-07T03:23:20 SGT" duration-ms="101" status="PASS">
          <reporter-output>
          </reporter-output>
        </test-method> <!-- tearDownClass -->
      </class> <!-- testRunner.TestRunner -->
    </test> <!-- Web Test -->
  </suite> <!-- Test RealWorld  -->
</testng-results>
