<html>
<head>
<title>TestNG:  Web Test</title>
<link href="../testng.css" rel="stylesheet" type="text/css" />
<link href="../my-testng.css" rel="stylesheet" type="text/css" />

<style type="text/css">
.log { display: none;} 
.stack-trace { display: none;} 
</style>
<script type="text/javascript">
<!--
function flip(e) {
  current = e.style.display;
  if (current == 'block') {
    e.style.display = 'none';
    return 0;
  }
  else {
    e.style.display = 'block';
    return 1;
  }
}

function toggleBox(szDivId, elem, msg1, msg2)
{
  var res = -1;  if (document.getElementById) {
    res = flip(document.getElementById(szDivId));
  }
  else if (document.all) {
    // this is the way old msie versions work
    res = flip(document.all[szDivId]);
  }
  if(elem) {
    if(res == 0) elem.innerHTML = msg1; else elem.innerHTML = msg2;
  }

}

function toggleAllBoxes() {
  if (document.getElementsByTagName) {
    d = document.getElementsByTagName('div');
    for (i = 0; i < d.length; i++) {
      if (d[i].className == 'log') {
        flip(d[i]);
      }
    }
  }
}

// -->
</script>

</head>
<body>
<h2 align='center'>Web Test</h2><table border='1' align="center">
<tr>
<td>Tests passed/Failed/Skipped:</td><td>20/3/0</td>
</tr><tr>
<td>Started on:</td><td>Sun Mar 07 17:06:04 SGT 2021</td>
</tr>
<tr><td>Total time:</td><td>158 seconds (158273 ms)</td>
</tr><tr>
<td>Included groups:</td><td></td>
</tr><tr>
<td>Excluded groups:</td><td></td>
</tr>
</table><p/>
<small><i>(Hover the method name to see the test class name)</i></small><p/>
<table width='100%' border='1' class='invocation-failed'>
<tr><td colspan='4' align='center'><b>FAILED TESTS</b></td></tr>
<tr><td><b>Test method</b></td>
<td width="30%"><b>Exception</b></td>
<td width="10%"><b>Time (seconds)</b></td>
<td><b>Instance</b></td>
</tr>
<tr>
<td title='testRunner.TestRunner.runScenario()'><b>runScenario</b><br>Test class: testRunner.TestRunner<br>Test method: Runs Cucumber Scenarios<br>Parameters: "Validation test on Sign Up page", "Optional[Test Sign-Up in realworld website]"</td>
<td><div><pre>java.lang.AssertionError: expected [true] but found [false]
	at stepDef.StepDef.sign_up_error_message_prompted(StepDef.java:122)
	at ?.sign up error message prompted &quot;username can&apos;t be blank (minimum is 1 character)&quot;(file:///Users/tanchw/Documents/assignment/realworldweb-testauto/src/test/resources/features/SignUp.feature:21)
... Removed 6 stack frames</pre></div><a href='#' onClick='toggleBox("stack-trace1178018982", this, "Click to show all stack frames", "Click to hide stack frames")'>Click to show all stack frames</a>
<div class='stack-trace' id='stack-trace1178018982'><pre>java.lang.AssertionError: expected [true] but found [false]
	at org.testng.Assert.fail(Assert.java:99)
	at org.testng.Assert.failNotEquals(Assert.java:1037)
	at org.testng.Assert.assertEqualsImpl(Assert.java:140)
	at org.testng.Assert.assertEquals(Assert.java:122)
	at org.testng.Assert.assertEquals(Assert.java:819)
	at org.testng.Assert.assertEquals(Assert.java:829)
	at stepDef.StepDef.sign_up_error_message_prompted(StepDef.java:122)
	at ?.sign up error message prompted &quot;username can&apos;t be blank (minimum is 1 character)&quot;(file:///Users/tanchw/Documents/assignment/realworldweb-testauto/src/test/resources/features/SignUp.feature:21)
</pre></div></td>
<td>4</td>
<td>testRunner.TestRunner@55a1c291</td></tr>
<tr>
<td title='testRunner.TestRunner.runScenario()'><b>runScenario</b><br>Test class: testRunner.TestRunner<br>Test method: Runs Cucumber Scenarios<br>Parameters: "Test Validation in new post page form", "Optional[Test creating New Post in realworld website]"</td>
<td><div><pre>java.lang.AssertionError: expected [true] but found [false]
	at stepDef.StepDef.validation_message_appears_on_new_post_page(StepDef.java:276)
	at ?.validation message &quot;title can&apos;t be blank (minimum is 1 character)&quot; appears on new post page(file:///Users/tanchw/Documents/assignment/realworldweb-testauto/src/test/resources/features/Post.feature:50)
... Removed 6 stack frames</pre></div><a href='#' onClick='toggleBox("stack-trace1154314826", this, "Click to show all stack frames", "Click to hide stack frames")'>Click to show all stack frames</a>
<div class='stack-trace' id='stack-trace1154314826'><pre>java.lang.AssertionError: expected [true] but found [false]
	at org.testng.Assert.fail(Assert.java:99)
	at org.testng.Assert.failNotEquals(Assert.java:1037)
	at org.testng.Assert.assertEqualsImpl(Assert.java:140)
	at org.testng.Assert.assertEquals(Assert.java:122)
	at org.testng.Assert.assertEquals(Assert.java:819)
	at org.testng.Assert.assertEquals(Assert.java:829)
	at stepDef.StepDef.validation_message_appears_on_new_post_page(StepDef.java:276)
	at ?.validation message &quot;title can&apos;t be blank (minimum is 1 character)&quot; appears on new post page(file:///Users/tanchw/Documents/assignment/realworldweb-testauto/src/test/resources/features/Post.feature:50)
</pre></div></td>
<td>7</td>
<td>testRunner.TestRunner@55a1c291</td></tr>
<tr>
<td title='testRunner.TestRunner.runScenario()'><b>runScenario</b><br>Test class: testRunner.TestRunner<br>Test method: Runs Cucumber Scenarios<br>Parameters: "Test Validation in new post page form", "Optional[Test creating New Post in realworld website]"</td>
<td><div><pre>java.lang.AssertionError: expected [true] but found [false]
	at stepDef.StepDef.validation_message_appears_on_new_post_page(StepDef.java:276)
	at ?.validation message &quot;description can&apos;t be blank (minimum is 1 character)&quot; appears on new post page(file:///Users/tanchw/Documents/assignment/realworldweb-testauto/src/test/resources/features/Post.feature:50)
... Removed 6 stack frames</pre></div><a href='#' onClick='toggleBox("stack-trace71805900", this, "Click to show all stack frames", "Click to hide stack frames")'>Click to show all stack frames</a>
<div class='stack-trace' id='stack-trace71805900'><pre>java.lang.AssertionError: expected [true] but found [false]
	at org.testng.Assert.fail(Assert.java:99)
	at org.testng.Assert.failNotEquals(Assert.java:1037)
	at org.testng.Assert.assertEqualsImpl(Assert.java:140)
	at org.testng.Assert.assertEquals(Assert.java:122)
	at org.testng.Assert.assertEquals(Assert.java:819)
	at org.testng.Assert.assertEquals(Assert.java:829)
	at stepDef.StepDef.validation_message_appears_on_new_post_page(StepDef.java:276)
	at ?.validation message &quot;description can&apos;t be blank (minimum is 1 character)&quot; appears on new post page(file:///Users/tanchw/Documents/assignment/realworldweb-testauto/src/test/resources/features/Post.feature:50)
</pre></div></td>
<td>7</td>
<td>testRunner.TestRunner@55a1c291</td></tr>
</table><p>
<table width='100%' border='1' class='invocation-passed'>
<tr><td colspan='4' align='center'><b>PASSED TESTS</b></td></tr>
<tr><td><b>Test method</b></td>
<td width="30%"><b>Exception</b></td>
<td width="10%"><b>Time (seconds)</b></td>
<td><b>Instance</b></td>
</tr>
<tr>
<td title='testRunner.TestRunner.runScenario()'><b>runScenario</b><br>Test class: testRunner.TestRunner<br>Test method: Runs Cucumber Scenarios<br>Parameters: "Validation test on Sign In page", "Optional[Test Sign in on realworld website]"</td>
<td></td>
<td>5</td>
<td>testRunner.TestRunner@55a1c291</td></tr>
<tr>
<td title='testRunner.TestRunner.runScenario()'><b>runScenario</b><br>Test class: testRunner.TestRunner<br>Test method: Runs Cucumber Scenarios<br>Parameters: "Test signing in with valid email and password", "Optional[Test Sign in on realworld website]"</td>
<td></td>
<td>5</td>
<td>testRunner.TestRunner@55a1c291</td></tr>
<tr>
<td title='testRunner.TestRunner.runScenario()'><b>runScenario</b><br>Test class: testRunner.TestRunner<br>Test method: Runs Cucumber Scenarios<br>Parameters: "Validation test on Sign Up page", "Optional[Test Sign-Up in realworld website]"</td>
<td></td>
<td>4</td>
<td>testRunner.TestRunner@55a1c291</td></tr>
<tr>
<td title='testRunner.TestRunner.runScenario()'><b>runScenario</b><br>Test class: testRunner.TestRunner<br>Test method: Runs Cucumber Scenarios<br>Parameters: "Test updating Profile successfully", "Optional[Test profile settings in realworld website]"</td>
<td></td>
<td>9</td>
<td>testRunner.TestRunner@55a1c291</td></tr>
<tr>
<td title='testRunner.TestRunner.runScenario()'><b>runScenario</b><br>Test class: testRunner.TestRunner<br>Test method: Runs Cucumber Scenarios<br>Parameters: "Posting comment on article that belongs to other user", "Optional[Test creating New Post in realworld website]"</td>
<td></td>
<td>9</td>
<td>testRunner.TestRunner@55a1c291</td></tr>
<tr>
<td title='testRunner.TestRunner.runScenario()'><b>runScenario</b><br>Test class: testRunner.TestRunner<br>Test method: Runs Cucumber Scenarios<br>Parameters: "Validation test on Sign In page", "Optional[Test Sign in on realworld website]"</td>
<td></td>
<td>4</td>
<td>testRunner.TestRunner@55a1c291</td></tr>
<tr>
<td title='testRunner.TestRunner.runScenario()'><b>runScenario</b><br>Test class: testRunner.TestRunner<br>Test method: Runs Cucumber Scenarios<br>Parameters: "Validation test on Sign Up page", "Optional[Test Sign-Up in realworld website]"</td>
<td></td>
<td>5</td>
<td>testRunner.TestRunner@55a1c291</td></tr>
<tr>
<td title='testRunner.TestRunner.runScenario()'><b>runScenario</b><br>Test class: testRunner.TestRunner<br>Test method: Runs Cucumber Scenarios<br>Parameters: "Validation test on Sign In page", "Optional[Test Sign in on realworld website]"</td>
<td></td>
<td>4</td>
<td>testRunner.TestRunner@55a1c291</td></tr>
<tr>
<td title='testRunner.TestRunner.runScenario()'><b>runScenario</b><br>Test class: testRunner.TestRunner<br>Test method: Runs Cucumber Scenarios<br>Parameters: "Test signing up with unique username and email, and a valid password", "Optional[Test Sign-Up in realworld website]"</td>
<td></td>
<td>4</td>
<td>testRunner.TestRunner@55a1c291</td></tr>
<tr>
<td title='testRunner.TestRunner.runScenario()'><b>runScenario</b><br>Test class: testRunner.TestRunner<br>Test method: Runs Cucumber Scenarios<br>Parameters: "Validation test on Sign Up page", "Optional[Test Sign-Up in realworld website]"</td>
<td></td>
<td>4</td>
<td>testRunner.TestRunner@55a1c291</td></tr>
<tr>
<td title='testRunner.TestRunner.runScenario()'><b>runScenario</b><br>Test class: testRunner.TestRunner<br>Test method: Runs Cucumber Scenarios<br>Parameters: "Test updating Profile successfully", "Optional[Test profile settings in realworld website]"</td>
<td></td>
<td>9</td>
<td>testRunner.TestRunner@55a1c291</td></tr>
<tr>
<td title='testRunner.TestRunner.runScenario()'><b>runScenario</b><br>Test class: testRunner.TestRunner<br>Test method: Runs Cucumber Scenarios<br>Parameters: "Validation test on Sign Up page", "Optional[Test Sign-Up in realworld website]"</td>
<td></td>
<td>4</td>
<td>testRunner.TestRunner@55a1c291</td></tr>
<tr>
<td title='testRunner.TestRunner.runScenario()'><b>runScenario</b><br>Test class: testRunner.TestRunner<br>Test method: Runs Cucumber Scenarios<br>Parameters: "Test updating Profile successfully", "Optional[Test profile settings in realworld website]"</td>
<td></td>
<td>9</td>
<td>testRunner.TestRunner@55a1c291</td></tr>
<tr>
<td title='testRunner.TestRunner.runScenario()'><b>runScenario</b><br>Test class: testRunner.TestRunner<br>Test method: Runs Cucumber Scenarios<br>Parameters: "Test Validation in new post page form", "Optional[Test creating New Post in realworld website]"</td>
<td></td>
<td>7</td>
<td>testRunner.TestRunner@55a1c291</td></tr>
<tr>
<td title='testRunner.TestRunner.runScenario()'><b>runScenario</b><br>Test class: testRunner.TestRunner<br>Test method: Runs Cucumber Scenarios<br>Parameters: "Test updating Profile successfully", "Optional[Test profile settings in realworld website]"</td>
<td></td>
<td>8</td>
<td>testRunner.TestRunner@55a1c291</td></tr>
<tr>
<td title='testRunner.TestRunner.runScenario()'><b>runScenario</b><br>Test class: testRunner.TestRunner<br>Test method: Runs Cucumber Scenarios<br>Parameters: "Test creating new post successfully", "Optional[Test creating New Post in realworld website]"</td>
<td></td>
<td>15</td>
<td>testRunner.TestRunner@55a1c291</td></tr>
<tr>
<td title='testRunner.TestRunner.runScenario()'><b>runScenario</b><br>Test class: testRunner.TestRunner<br>Test method: Runs Cucumber Scenarios<br>Parameters: "Validation test on Sign Up page", "Optional[Test Sign-Up in realworld website]"</td>
<td></td>
<td>4</td>
<td>testRunner.TestRunner@55a1c291</td></tr>
<tr>
<td title='testRunner.TestRunner.runScenario()'><b>runScenario</b><br>Test class: testRunner.TestRunner<br>Test method: Runs Cucumber Scenarios<br>Parameters: "Validation test on Sign Up page", "Optional[Test Sign-Up in realworld website]"</td>
<td></td>
<td>4</td>
<td>testRunner.TestRunner@55a1c291</td></tr>
<tr>
<td title='testRunner.TestRunner.runScenario()'><b>runScenario</b><br>Test class: testRunner.TestRunner<br>Test method: Runs Cucumber Scenarios<br>Parameters: "Test updating Profile successfully", "Optional[Test profile settings in realworld website]"</td>
<td></td>
<td>8</td>
<td>testRunner.TestRunner@55a1c291</td></tr>
<tr>
<td title='testRunner.TestRunner.runScenario()'><b>runScenario</b><br>Test class: testRunner.TestRunner<br>Test method: Runs Cucumber Scenarios<br>Parameters: "Validation test on Sign In page", "Optional[Test Sign in on realworld website]"</td>
<td></td>
<td>4</td>
<td>testRunner.TestRunner@55a1c291</td></tr>
</table><p>
</body>
</html>