<?xml version="1.0" encoding="UTF-8"?>
<!-- Generated by org.testng.reporters.JUnitReportReporter -->
<testsuite hostname="NI-PF26FP2T.users.sphinet.com.sg" failures="1" tests="13" name="testRunner.SignUpTestRunner" time="51.963" errors="0" timestamp="2021-03-06T02:37:17 SGT" skipped="0">
  <testcase classname="testRunner.SignUpTestRunner" name="runScenario" time="3.570"/>
  <system-out/>
  <testcase classname="testRunner.SignUpTestRunner" name="runScenario" time="3.879"/>
  <system-out/>
  <testcase classname="testRunner.SignUpTestRunner" name="runScenario" time="3.866"/>
  <system-out/>
  <testcase classname="testRunner.SignUpTestRunner" name="runScenario" time="4.551"/>
  <system-out/>
  <testcase classname="testRunner.SignUpTestRunner" name="runScenario" time="3.570"/>
  <system-out/>
  <testcase classname="testRunner.SignUpTestRunner" name="runScenario" time="4.873"/>
  <system-out/>
  <testcase classname="testRunner.SignUpTestRunner" name="runScenario" time="3.958"/>
  <system-out/>
  <testcase classname="testRunner.SignUpTestRunner" name="runScenario" time="3.821"/>
  <system-out/>
  <testcase classname="testRunner.SignUpTestRunner" name="runScenario" time="4.243"/>
  <system-out/>
  <testcase classname="testRunner.SignUpTestRunner" name="runScenario" time="4.007"/>
  <system-out/>
  <testcase classname="testRunner.SignUpTestRunner" name="runScenario" time="4.348"/>
  <system-out/>
  <testcase classname="testRunner.SignUpTestRunner" name="runScenario" time="3.587"/>
  <system-out/>
  <testcase classname="testRunner.SignUpTestRunner" name="runScenario" time="3.690">
    <failure message="expected [true] but found [false]" type="java.lang.AssertionError">
      <![CDATA[java.lang.AssertionError: expected [true] but found [false]
at org.testng.Assert.fail(Assert.java:99)
at org.testng.Assert.failNotEquals(Assert.java:1037)
at org.testng.Assert.assertEqualsImpl(Assert.java:140)
at org.testng.Assert.assertEquals(Assert.java:122)
at org.testng.Assert.assertEquals(Assert.java:819)
at org.testng.Assert.assertEquals(Assert.java:829)
at stepDef.StepDef.sign_up_error_message_prompted(StepDef.java:95)
at âœ½.sign up error message prompted "username can't be blank (minimum is 1 character)"(file:///Users/tanchw/Documents/assignment/realworldweb-testauto/src/test/resources/features/SignUp.feature:21)
]]>
    </failure>
  </testcase> <!-- runScenario -->
  <system-out/>
</testsuite> <!-- testRunner.SignUpTestRunner -->
